<?xml version="1.0" encoding="UTF-8"?>
<!-- Generated by org.testng.reporters.JUnitReportReporter -->
<testsuite hostname="CBT-022" name="jenkinsdemopackage.DemoA" tests="1" failures="0" timestamp="6 Aug 2016 12:50:29 GMT" time="17.049" errors="0">
  <testcase name="testA" time="17.049" classname="jenkinsdemopackage.DemoA"/>
</testsuite> <!-- jenkinsdemopackage.DemoA -->
